#
# There is insufficient memory for the Java Runtime Environment to continue.
# Native memory allocation (malloc) failed to allocate 1048576 bytes for AllocateHeap
# Possible reasons:
#   The system is out of physical RAM or swap space
#   In 32 bit mode, the process size limit was hit
# Possible solutions:
#   Reduce memory load on the system
#   Increase physical memory or swap space
#   Check if swap backing store is full
#   Use 64 bit Java on a 64 bit OS
#   Decrease Java heap size (-Xmx/-Xms)
#   Decrease number of Java threads
#   Decrease Java thread stack sizes (-Xss)
#   Set larger code cache with -XX:ReservedCodeCacheSize=
# This output file may be truncated or incomplete.
#
#  Out of Memory Error (memory/allocation.inline.hpp:61), pid=1012, tid=0x0000000000004608
#
# JRE version:  (8.0_111-b14) (build )
# Java VM: Java HotSpot(TM) 64-Bit Server VM (25.111-b14 mixed mode windows-amd64 compressed oops)
# Failed to write core dump. Minidumps are not enabled by default on client versions of Windows
#

---------------  T H R E A D  ---------------

Current thread (0x0000000002e60800):  JavaThread "Unknown thread" [_thread_in_vm, id=17928, stack(0x0000000002d60000,0x0000000002e60000)]

Stack: [0x0000000002d60000,0x0000000002e60000]
[error occurred during error reporting (printing stack bounds), id 0xc0000005]

Native frames: (J=compiled Java code, j=interpreted, Vv=VM code, C=native code)


---------------  P R O C E S S  ---------------

Java Threads: ( => current thread )

Other Threads:

=>0x0000000002e60800 (exited) JavaThread "Unknown thread" [_thread_in_vm, id=17928, stack(0x0000000002d60000,0x0000000002e60000)]

VM state:not at safepoint (normal execution)

VM Mutex/Monitor currently owned by a thread: None

Heap:
 PSYoungGen      total 18944K, used 327K [0x00000000eab00000, 0x00000000ec000000, 0x0000000100000000)
  eden space 16384K, 2% used [0x00000000eab00000,0x00000000eab51ec8,0x00000000ebb00000)
  from space 2560K, 0% used [0x00000000ebd80000,0x00000000ebd80000,0x00000000ec000000)
  to   space 2560K, 0% used [0x00000000ebb00000,0x00000000ebb00000,0x00000000ebd80000)
 ParOldGen       total 44032K, used 0K [0x00000000c0000000, 0x00000000c2b00000, 0x00000000eab00000)
  object space 44032K, 0% used [0x00000000c0000000,0x00000000c0000000,0x00000000c2b00000)
 Metaspace       used 770K, capacity 4480K, committed 4480K, reserved 1056768K
  class space    used 75K, capacity 384K, committed 384K, reserved 1048576K

Card table byte_map: [0x0000000012320000,0x0000000012530000] byte_map_base: 0x0000000011d20000

Marking Bits: (ParMarkBitMap*) 0x00000000516da6c0
 Begin Bits: [0x0000000012a90000, 0x0000000013a90000)
 End Bits:   [0x0000000013a90000, 0x0000000014a90000)

Polling page: 0x0000000001470000

CodeCache: size=245760Kb used=327Kb max_used=327Kb free=245432Kb
 bounds [0x0000000002f60000, 0x00000000031d0000, 0x0000000011f60000]
 total_blobs=57 nmethods=0 adapters=38
 compilation: enabled

Compilation events (0 events):
No events

GC Heap History (0 events):
No events

Deoptimization events (0 events):
No events

Internal exceptions (0 events):
No events

Events (10 events):
Event: 0.035 loading class java/lang/Short
Event: 0.035 loading class java/lang/Short done
Event: 0.035 loading class java/lang/Integer
Event: 0.035 loading class java/lang/Integer done
Event: 0.035 loading class java/lang/Long
Event: 0.035 loading class java/lang/Long done
Event: 0.036 loading class java/lang/NullPointerException
Event: 0.036 loading class java/lang/NullPointerException done
Event: 0.036 loading class java/lang/ArithmeticException
Event: 0.036 loading class java/lang/ArithmeticException done


Dynamic libraries:
0x00007ff79c3f0000 - 0x00007ff79c427000 	C:\Program Files\Java\jdk1.8.0_111\bin\java.exe
0x00007fffc7500000 - 0x00007fffc76f0000 	C:\WINDOWS\SYSTEM32\ntdll.dll
0x00007fffc67c0000 - 0x00007fffc6872000 	C:\WINDOWS\System32\KERNEL32.DLL
0x00007fffc4600000 - 0x00007fffc48a5000 	C:\WINDOWS\System32\KERNELBASE.dll
0x00007fffc6060000 - 0x00007fffc6103000 	C:\WINDOWS\System32\ADVAPI32.dll
0x00007fffc7420000 - 0x00007fffc74be000 	C:\WINDOWS\System32\msvcrt.dll
0x00007fffc5fc0000 - 0x00007fffc6057000 	C:\WINDOWS\System32\sechost.dll
0x00007fffc59c0000 - 0x00007fffc5ae0000 	C:\WINDOWS\System32\RPCRT4.dll
0x00007fffc55b0000 - 0x00007fffc5744000 	C:\WINDOWS\System32\USER32.dll
0x00007fffc5580000 - 0x00007fffc55a1000 	C:\WINDOWS\System32\win32u.dll
0x00007fffc71d0000 - 0x00007fffc71f6000 	C:\WINDOWS\System32\GDI32.dll
0x00007fffc4b20000 - 0x00007fffc4cb6000 	C:\WINDOWS\System32\gdi32full.dll
0x00007fffc4910000 - 0x00007fffc49ae000 	C:\WINDOWS\System32\msvcp_win.dll
0x00007fffc4470000 - 0x00007fffc456a000 	C:\WINDOWS\System32\ucrtbase.dll
0x00007fffb57b0000 - 0x00007fffb5a34000 	C:\WINDOWS\WinSxS\amd64_microsoft.windows.common-controls_6595b64144ccf1df_6.0.18362.1256_none_9e7e379be45e40e2\COMCTL32.dll
0x00007fffc61b0000 - 0x00007fffc64e6000 	C:\WINDOWS\System32\combase.dll
0x00007fffc4570000 - 0x00007fffc45f1000 	C:\WINDOWS\System32\bcryptPrimitives.dll
0x00007fffc6110000 - 0x00007fffc613e000 	C:\WINDOWS\System32\IMM32.DLL
0x0000000050de0000 - 0x0000000050eb2000 	C:\Program Files\Java\jdk1.8.0_111\jre\bin\msvcr100.dll
0x0000000050ec0000 - 0x000000005175a000 	C:\Program Files\Java\jdk1.8.0_111\jre\bin\server\jvm.dll
0x00007fffc6fe0000 - 0x00007fffc6fe8000 	C:\WINDOWS\System32\PSAPI.DLL
0x00007fffc0e80000 - 0x00007fffc0e89000 	C:\WINDOWS\SYSTEM32\WSOCK32.dll
0x00007fffc6140000 - 0x00007fffc61af000 	C:\WINDOWS\System32\WS2_32.dll
0x00007fffbc860000 - 0x00007fffbc86a000 	C:\WINDOWS\SYSTEM32\VERSION.dll
0x00007fffc1e80000 - 0x00007fffc1ea4000 	C:\WINDOWS\SYSTEM32\WINMM.dll
0x00007fffc1e50000 - 0x00007fffc1e7d000 	C:\WINDOWS\SYSTEM32\winmmbase.dll
0x00007fffc5450000 - 0x00007fffc549a000 	C:\WINDOWS\System32\cfgmgr32.dll
0x0000000050d90000 - 0x0000000050d9f000 	C:\Program Files\Java\jdk1.8.0_111\jre\bin\verify.dll
0x0000000050d60000 - 0x0000000050d89000 	C:\Program Files\Java\jdk1.8.0_111\jre\bin\java.dll
0x0000000050d40000 - 0x0000000050d56000 	C:\Program Files\Java\jdk1.8.0_111\jre\bin\zip.dll

VM Arguments:
jvm_args: -Dfile.encoding=UTF-8 
java_command: student.information.system.Home
java_class_path (initial): C:\Program Files\NetBeans 8.2\ide\modules\ext\mysql-connector-java-5.1.23-bin.jar;C:\Users\mahbu\OneDrive\Desktop\rs2xml\rs2xml.jar;C:\Users\mahbu\Student Information System\build\classes
Launcher Type: SUN_STANDARD

Environment Variables:
CLASSPATH=C:\Program Files\Java\jdk1.8.0_111\mysql-connector-java-5.1.49-bin.jar;.;
PATH=C:\Program Files (x86)\Common Files\Oracle\Java\javapath;C:\ProgramData\Oracle\Java\javapath;C:\WINDOWS\system32;C:\WINDOWS;C:\WINDOWS\System32\Wbem;C:\WINDOWS\System32\WindowsPowerShell\v1.0\;C:\Program Files (x86)\ATI Technologies\ATI.ACE\Core-Static;C:\WINDOWS\System32\OpenSSH\;C:\Program Files\MySQL\MySQL Shell 8.0\bin\;C:\Users\mahbu\AppData\Local\Microsoft\WindowsApps;
USERNAME=mahbu
OS=Windows_NT
PROCESSOR_IDENTIFIER=AMD64 Family 21 Model 1 Stepping 2, AuthenticAMD



---------------  S Y S T E M  ---------------

OS: Windows 10.0 , 64 bit Build 18362 (10.0.18362.1110)

CPU:total 4 (4 cores per cpu, 1 threads per core) family 21 model 1 stepping 2, cmov, cx8, fxsr, mmx, sse, sse2, sse3, ssse3, sse4.1, sse4.2, popcnt, avx, aes, clmul, mmxext, 3dnowpref, lzcnt, sse4a, tsc, tscinvbit, tscinv

Memory: 4k page, physical 4193460k(506644k free), swap 16776372k(5972k free)

vm_info: Java HotSpot(TM) 64-Bit Server VM (25.111-b14) for windows-amd64 JRE (1.8.0_111-b14), built on Sep 22 2016 19:24:05 by "java_re" with MS VC++ 10.0 (VS2010)

time: Mon Dec 21 12:08:50 2020
elapsed time: 0 seconds (0d 0h 0m 0s)

